Arguments: 
  /Users/victor/.nvm/versions/node/v8.9.4/bin/node /usr/local/bin/yarn

PATH: 
  /Users/victor/.nvm/versions/node/v8.9.4/bin:/usr/local/bin:/usr/bin:/bin:/usr/sbin:/sbin:/usr/local/sbin

Yarn version: 
  1.9.2

Node version: 
  8.9.4

Platform: 
  darwin x64

Trace: 
  SyntaxError: /Users/victor/Projects/victorkernes.com/package.json: Unexpected token } in JSON at position 92
      at JSON.parse (<anonymous>)
      at /usr/local/lib/node_modules/yarn/lib/cli.js:1130:59
      at Generator.next (<anonymous>)
      at step (/usr/local/lib/node_modules/yarn/lib/cli.js:92:30)
      at /usr/local/lib/node_modules/yarn/lib/cli.js:103:13
      at <anonymous>

npm manifest: 
  {
    "scripts": {
      "dev": "next",
      "build": "next build",
      "start": "next start",
    },
    "name": "victorkernes.com",
    "description": "--- Welcome to my online portfolio!",
    "version": "1.0.0",
    "main": "index.js",
    "dependencies": {
      "@babel/cli": "^7.7.7",
      "@babel/core": "^7.7.7",
      "@tryghost/content-api": "^1.3.5",
      "axios": "^0.19.0",
      "babel-plugin-inline-react-svg": "^1.1.0",
      "classnames": "^2.2.6",
      "contentful": "^7.11.3",
      "express": "^4.17.1",
      "file-loader": "^5.0.2",
      "isomorphic-unfetch": "^3.0.0",
      "next": "^9.1.7",
      "next-images": "^1.3.0",
      "prop-types": "^15.7.2",
      "react": "^16.12.0",
      "react-dom": "^16.12.0",
      "react-jsx": "^1.0.0",
      "react-markdown": "^4.3.0",
      "react-router-dom": "^5.1.2",
      "styled-components": "^4.4.1"
    },
    "devDependencies": {
      "@babel/core": "^7.7.7",
      "@babel/node": "^7.7.7",
      "@babel/preset-env": "^7.7.7",
      "@zeit/next-css": "^1.0.1",
      "react-svg-loader": "^3.0.3"
    },
    "repository": {
      "type": "git",
      "url": "git+https://github.com/victorkernes/victorkernes.com.git"
    },
    "author": "",
    "license": "ISC",
    "bugs": {
      "url": "https://github.com/victorkernes/victorkernes.com/issues"
    },
    "homepage": "https://github.com/victorkernes/victorkernes.com#readme"
  }

yarn manifest: 
  No manifest

Lockfile: 
  No lockfile
